<?xml version="1.0" encoding="UTF-8"?>
<testsuite xmlns:xsi="http://www.w3.org/2001/XMLSchema-instance" xsi:noNamespaceSchemaLocation="https://maven.apache.org/surefire/maven-surefire-plugin/xsd/surefire-test-report.xsd" version="3.0.2" name="com.example.swaggerex.SwaggerexApplicationTests" time="4.154" tests="1" errors="0" skipped="0" failures="0">
  <properties>
[...]
</properties>
  <testcase name="contextLoads" classname="com.example.swaggerex.SwaggerexApplicationTests" time="1.474">
    <system-out><![CDATA[13:08:25.794 [main] INFO org.springframework.test.context.support.AnnotationConfigContextLoaderUtils -- Could not detect default configuration classes for test class [com.example.swaggerex.SwaggerexApplicationTests]: SwaggerexApplicationTests does not declare any static, non-private, non-final, nested classes annotated with @Configuration.
13:08:25.907 [main] INFO org.springframework.boot.test.context.SpringBootTestContextBootstrapper -- Found @SpringBootConfiguration com.example.swaggerex.SwaggerexApplication for test class com.example.swaggerex.SwaggerexApplicationTests
13:08:26.107 [main] INFO org.springframework.boot.devtools.restart.RestartApplicationListener -- Restart disabled due to context in which it is running

  .   ____          _            __ _ _
 /\\ / ___'_ __ _ _(_)_ __  __ _ \ \ \ \
( ( )\___ | '_ | '_| | '_ \/ _` | \ \ \ \
 \\/  ___)| |_)| | | | | || (_| |  ) ) ) )
  '  |____| .__|_| |_|_| |_\__, | / / / /
 =========|_|==============|___/=/_/_/_/

 :: Spring Boot ::                (v3.5.3)

2025-07-03T13:08:26.393+03:00  INFO 39276 --- [swaggerex] [           main] c.e.swaggerex.SwaggerexApplicationTests  : Starting SwaggerexApplicationTests using Java 17.0.15 with PID 39276 (started by kaan3 in C:\Users\kaan3\OneDrive\Masaüstü\swaggerex\swaggerex)
2025-07-03T13:08:26.395+03:00  INFO 39276 --- [swaggerex] [           main] c.e.swaggerex.SwaggerexApplicationTests  : No active profile set, falling back to 1 default profile: "default"
2025-07-03T13:08:28.266+03:00  INFO 39276 --- [swaggerex] [           main] c.e.swaggerex.SwaggerexApplicationTests  : Started SwaggerexApplicationTests in 2.168 seconds (process running for 3.197)
]]></system-out>
  </testcase>
</testsuite>